<?xml version="1.0" encoding="UTF-8"?>
<!-- Generated by org.testng.reporters.JUnitReportReporter -->
<testsuite hostname="DESKTOP-HOF3APB" failures="0" tests="1" name="test.LoginTest" time="4.409" errors="0" timestamp="2024-11-17T13:21:13 CST" skipped="0">
  <testcase classname="test.LoginTest" name="validateAlertMessages" time="4.409"/>
  <system-out/>
</testsuite> <!-- test.LoginTest -->
