<?xml version="1.0" encoding="UTF-8"?>
<!-- Generated by org.testng.reporters.JUnitReportReporter -->
<testsuite hostname="DESKTOP-HOF3APB" failures="0" tests="1" name="test.AddCustomerTest" time="22.579" errors="0" timestamp="2024-11-17T13:46:25 CST" skipped="0">
  <testcase classname="test.AddCustomerTest" name="validUserShouldBeAbleToAddCustomer" time="22.579"/>
  <system-out/>
</testsuite> <!-- test.AddCustomerTest -->
